#
# A fatal error has been detected by the Java Runtime Environment:
#
#  EXCEPTION_ACCESS_VIOLATION (0xc0000005) at pc=0x00007fff5be961e4, pid=1668, tid=7964
#
# JRE version: OpenJDK Runtime Environment (17.0.11) (build 17.0.11+0--11852314)
# Java VM: OpenJDK 64-Bit Server VM (17.0.11+0--11852314, mixed mode, tiered, compressed oops, compressed class ptrs, g1 gc, windows-amd64)
# Problematic frame:
# V  [jvm.dll+0x5a61e4]
#
# No core dump will be written. Minidumps are not enabled by default on client versions of Windows
#
# If you would like to submit a bug report, please visit:
#   https://bugreport.java.com/bugreport/crash.jsp
#

---------------  S U M M A R Y ------------

Command Line: --add-opens=java.base/java.util=ALL-UNNAMED --add-opens=java.base/java.lang=ALL-UNNAMED --add-opens=java.base/java.lang.invoke=ALL-UNNAMED --add-opens=java.prefs/java.util.prefs=ALL-UNNAMED --add-opens=java.base/java.nio.charset=ALL-UNNAMED --add-opens=java.base/java.net=ALL-UNNAMED --add-opens=java.base/java.util.concurrent.atomic=ALL-UNNAMED -Xmx2048m -Dfile.encoding=UTF-8 -Duser.country=US -Duser.language=en -Duser.variant -javaagent:C:\Users\Administrator\.gradle\wrapper\dists\gradle-8.7-bin\bhs2wmbdwecv87pi65oeuq5iu\gradle-8.7\lib\agents\gradle-instrumentation-agent-8.7.jar org.gradle.launcher.daemon.bootstrap.GradleDaemon 8.7

Host: Intel(R) Core(TM) i3-7100 CPU @ 3.90GHz, 4 cores, 11G,  Windows 10 , 64 bit Build 19041 (10.0.19041.2787)
Time: Fri Apr 25 22:52:30 2025 Bangladesh Standard Time elapsed time: 6.381706 seconds (0d 0h 0m 6s)

---------------  T H R E A D  ---------------

Current thread (0x00000259ec3229c0):  JavaThread "C2 CompilerThread1" daemon [_thread_in_native, id=7964, stack(0x0000007030b00000,0x0000007030c00000)]


Current CompileTask:
C2:   6382 2734 %     4       java.util.zip.ZipFile$Source::initCEN @ 240 (591 bytes)

Stack: [0x0000007030b00000,0x0000007030c00000],  sp=0x0000007030bfb8f8,  free space=1006k
Native frames: (J=compiled Java code, j=interpreted, Vv=VM code, C=native code)
V  [jvm.dll+0x5a61e4]


siginfo: EXCEPTION_ACCESS_VIOLATION (0xc0000005), reading address 0x000002d9ea70f158


Registers:
RAX=0x000002d9ea70f138, RBX=0x00000259ebf5fe40, RCX=0x00000259ed1627d0, RDX=0x000000000000004b
RSP=0x0000007030bfb8f8, RBP=0x00000259ed162a60, RSI=0x00000259ebf5fe40, RDI=0x00000259ed162a60
R8 =0x00000259ebf5fe40, R9 =0x0000000000000000, R10=0x00000259ebf5fed0, R11=0x00000259ec885eb0
R12=0x00000259ecc0ff80, R13=0x00000259ed1627d0, R14=0x00000259ed1627d0, R15=0x0000007030bfbe40
RIP=0x00007fff5be961e4, EFLAGS=0x0000000000010246


Register to memory mapping:

RIP=0x00007fff5be961e4 jvm.dll
RAX=0x000002d9ea70f138 is an unknown value
RBX=0x00000259ebf5fe40 points into unknown readable memory: 0x00007fff5c2198d0 | d0 98 21 5c ff 7f 00 00
RCX=0x00000259ed1627d0 points into unknown readable memory: 0x00007fff5c1e2e20 | 20 2e 1e 5c ff 7f 00 00
RDX=0x000000000000004b is an unknown value
RSP=0x0000007030bfb8f8 is pointing into the stack for thread: 0x00000259ec3229c0
RBP=0x00000259ed162a60 points into unknown readable memory: 0x0000000100000040 | 40 00 00 00 01 00 00 00
RSI=0x00000259ebf5fe40 points into unknown readable memory: 0x00007fff5c2198d0 | d0 98 21 5c ff 7f 00 00
RDI=0x00000259ed162a60 points into unknown readable memory: 0x0000000100000040 | 40 00 00 00 01 00 00 00
R8 =0x00000259ebf5fe40 points into unknown readable memory: 0x00007fff5c2198d0 | d0 98 21 5c ff 7f 00 00
R9 =0x0 is NULL
R10=0x00000259ebf5fed0 points into unknown readable memory: 0x00000259ebf5fdd0 | d0 fd f5 eb 59 02 00 00
R11=0x00000259ec885eb0 points into unknown readable memory: 0x00000259ed162e88 | 88 2e 16 ed 59 02 00 00
R12=0x00000259ecc0ff80 points into unknown readable memory: 0x00000259ebbfb330 | 30 b3 bf eb 59 02 00 00
R13=0x00000259ed1627d0 points into unknown readable memory: 0x00007fff5c1e2e20 | 20 2e 1e 5c ff 7f 00 00
R14=0x00000259ed1627d0 points into unknown readable memory: 0x00007fff5c1e2e20 | 20 2e 1e 5c ff 7f 00 00
R15=0x0000007030bfbe40 is pointing into the stack for thread: 0x00000259ec3229c0


Top of Stack: (sp=0x0000007030bfb8f8)
0x0000007030bfb8f8:   00007fff5bc265eb 00000259ebf5fe40
0x0000007030bfb908:   00000259ed162e50 0000000000000000
0x0000007030bfb918:   00000259ed162e00 0000007030bfba08
0x0000007030bfb928:   0000007030bfb9e8 0000007030bfbe40
0x0000007030bfb938:   00000259eb7228d0 00000259eb7228d0
0x0000007030bfb948:   0000000000000000 0000007030bfbe40
0x0000007030bfb958:   0000000000000b71 0000007030bfba70
0x0000007030bfb968:   00007fff5bc23f5a 00000259ec774340
0x0000007030bfb978:   00000259ec778f58 00000259ec9a87f0
0x0000007030bfb988:   0000000000000000 0000000000008020
0x0000007030bfb998:   0000000000000000 0000000000000001
0x0000007030bfb9a8:   00000259c9bf0000 000000009e00009e
0x0000007030bfb9b8:   000000000000004b 00000259c9bf0000
0x0000007030bfb9c8:   00000259ebc6f910 0000000000008010
0x0000007030bfb9d8:   0000000002000002 000000000000009d
0x0000007030bfb9e8:   00000259ec9a4d60 00000259ec9a86f0
0x0000007030bfb9f8:   00000259ec9a4d30 00000259eb7228d0
0x0000007030bfba08:   00007fff00000080 00000259ec7cf200
0x0000007030bfba18:   0000000000000080 00000259eb7228d0
0x0000007030bfba28:   00000259ec770f70 00000000000d3848
0x0000007030bfba38:   00007fff9d00009d 0000000000000000
0x0000007030bfba48:   0000000000000000 000000000000aed0
0x0000007030bfba58:   000000000000aec0 0000000000000001
0x0000007030bfba68:   00000259c9bf0000 0000000000000aed
0x0000007030bfba78:   00007fff7d95b44d 00000259c9bf0000
0x0000007030bfba88:   00007fff5bc26fac 00000259ebef5a40
0x0000007030bfba98:   00007fff5bc22f4f 00000259ebfbeb68
0x0000007030bfbaa8:   0000007030bfbaf0 3fe0adbd3524202b
0x0000007030bfbab8:   0000000000000000 00000259eca951c0
0x0000007030bfbac8:   00007fff5bc230c4 00000259ebfbeb20
0x0000007030bfbad8:   0000000000000004 0000000000000000
0x0000007030bfbae8:   00000259ed03df40 00000259eca94c40 

Instructions: (pc=0x00007fff5be961e4)
0x00007fff5be960e4:   24 74 13 49 8b 40 10 48 85 c0 74 0a 48 39 44 24
0x00007fff5be960f4:   08 0f 92 c0 eb 02 32 c0 45 84 c9 74 2f 80 79 08
0x00007fff5be96104:   00 75 06 83 79 18 00 74 06 83 79 1c 00 7e 1d ff
0x00007fff5be96114:   41 18 83 79 1c 00 0f 11 41 20 0f 11 49 30 7e 2f
0x00007fff5be96124:   c7 41 1c 00 00 00 00 48 83 c4 28 c3 84 c0 74 1f
0x00007fff5be96134:   80 79 08 00 74 07 8b 41 1c 85 c0 74 0d 83 79 18
0x00007fff5be96144:   00 7e 0c 8b 41 1c 85 c0 75 05 ff c0 89 41 1c 48
0x00007fff5be96154:   83 c4 28 c3 cc cc cc cc cc cc cc cc 48 89 5c 24
0x00007fff5be96164:   08 48 89 74 24 10 57 48 83 ec 30 48 8b fa 48 8b
0x00007fff5be96174:   f1 e8 26 ca 26 00 48 8b c8 e8 0e 17 0d 00 48 8b
0x00007fff5be96184:   d8 48 85 c0 75 2a 48 8d 05 bf 3a 3b 00 41 b9 01
0x00007fff5be96194:   00 00 e0 8d 53 2d 48 89 44 24 20 44 8d 43 08 48
0x00007fff5be961a4:   8d 0d c6 3a 3b 00 e8 21 41 ca ff e8 0c 15 0e 00
0x00007fff5be961b4:   48 8b d7 48 8b cb ff 15 a8 0d 58 00 48 89 1e 48
0x00007fff5be961c4:   8b 5c 24 40 48 8b 74 24 48 48 83 c4 30 5f c3 cc
0x00007fff5be961d4:   cc cc cc cc cc cc cc cc cc cc cc cc 48 8b 41 78
0x00007fff5be961e4:   48 8b 40 20 c3 cc cc cc cc cc cc cc 48 83 ec 28
0x00007fff5be961f4:   ba b7 01 00 00 48 8d 0d 70 f8 3f 00 e8 6b 3f ca
0x00007fff5be96204:   ff 48 83 c4 28 e9 b2 14 0e 00 cc cc 40 53 48 83
0x00007fff5be96214:   ec 20 33 db 48 c7 44 24 40 ff ff ff ff 4c 8d 44
0x00007fff5be96224:   24 40 48 89 5c 24 38 48 8d 54 24 38 e8 2b 07 00
0x00007fff5be96234:   00 48 8b c8 48 8b 44 24 40 48 83 f8 ff 75 28 48
0x00007fff5be96244:   85 c9 75 29 48 8b 44 24 38 48 85 c0 75 06 48 83
0x00007fff5be96254:   c4 20 5b c3 48 3d ff 6b ca 88 0f 85 c6 00 00 00
0x00007fff5be96264:   48 8b 05 25 46 62 00 48 83 c4 20 5b c3 48 83 f9
0x00007fff5be96274:   ff 74 ed 48 8b 01 ff 50 28 48 8b 54 24 38 48 8b
0x00007fff5be96284:   cb 4c 8b c0 8b 40 10 83 f8 06 49 0f 44 c8 48 85
0x00007fff5be96294:   c9 74 42 39 1d 5b 10 58 00 75 3a 83 f8 06 74 31
0x00007fff5be962a4:   83 f8 07 74 2c 83 c0 ef 83 f8 06 76 28 8b 04 25
0x00007fff5be962b4:   10 00 00 00 4c 8b c3 83 c0 ef 83 f8 06 77 a1 49
0x00007fff5be962c4:   8b 00 49 8b c8 48 83 c4 20 5b 48 ff a0 c0 00 00
0x00007fff5be962d4:   00 4d 8b 40 18 41 8b 48 10 48 8b c3 83 f9 07 49 


Stack slot to memory mapping:
stack at sp + 0 slots: 0x00007fff5bc265eb jvm.dll
stack at sp + 1 slots: 0x00000259ebf5fe40 points into unknown readable memory: 0x00007fff5c2198d0 | d0 98 21 5c ff 7f 00 00
stack at sp + 2 slots: 0x00000259ed162e50 points into unknown readable memory: 0x00000259ed1a20f8 | f8 20 1a ed 59 02 00 00
stack at sp + 3 slots: 0x0 is NULL
stack at sp + 4 slots: 0x00000259ed162e00 points into unknown readable memory: 0x00000259ed162cb8 | b8 2c 16 ed 59 02 00 00
stack at sp + 5 slots: 0x0000007030bfba08 is pointing into the stack for thread: 0x00000259ec3229c0
stack at sp + 6 slots: 0x0000007030bfb9e8 is pointing into the stack for thread: 0x00000259ec3229c0
stack at sp + 7 slots: 0x0000007030bfbe40 is pointing into the stack for thread: 0x00000259ec3229c0


---------------  P R O C E S S  ---------------

Threads class SMR info:
_java_thread_list=0x00000259ebd0db70, length=33, elements={
0x00000259c9d9be90, 0x00000259e52f96c0, 0x00000259e52fa450, 0x00000259e5482010,
0x00000259e54839f0, 0x00000259e54862d0, 0x00000259e5486ba0, 0x00000259e5487850,
0x00000259e5488210, 0x00000259e54f8980, 0x00000259e55731f0, 0x00000259e56dde30,
0x00000259eb20c1c0, 0x00000259eafc0ac0, 0x00000259eb58b030, 0x00000259eb4a61a0,
0x00000259eb4a6a50, 0x00000259e57ff690, 0x00000259e57ff180, 0x00000259e57ffba0,
0x00000259e57fd320, 0x00000259e58000b0, 0x00000259e57fce10, 0x00000259e57fd830,
0x00000259ebadeec0, 0x00000259ec3229c0, 0x00000259ebaddf90, 0x00000259ebad7f60,
0x00000259ebadda80, 0x00000259ebadb200, 0x00000259ebadc640, 0x00000259ebada2d0,
0x00000259ebadb710
}

Java Threads: ( => current thread )
  0x00000259c9d9be90 JavaThread "main" [_thread_blocked, id=11840, stack(0x000000702e700000,0x000000702e800000)]
  0x00000259e52f96c0 JavaThread "Reference Handler" daemon [_thread_blocked, id=12156, stack(0x000000702ef00000,0x000000702f000000)]
  0x00000259e52fa450 JavaThread "Finalizer" daemon [_thread_blocked, id=4800, stack(0x000000702f000000,0x000000702f100000)]
  0x00000259e5482010 JavaThread "Signal Dispatcher" daemon [_thread_blocked, id=6708, stack(0x000000702f100000,0x000000702f200000)]
  0x00000259e54839f0 JavaThread "Attach Listener" daemon [_thread_blocked, id=5140, stack(0x000000702f200000,0x000000702f300000)]
  0x00000259e54862d0 JavaThread "Service Thread" daemon [_thread_blocked, id=8140, stack(0x000000702f300000,0x000000702f400000)]
  0x00000259e5486ba0 JavaThread "Monitor Deflation Thread" daemon [_thread_blocked, id=3768, stack(0x000000702f400000,0x000000702f500000)]
  0x00000259e5487850 JavaThread "C2 CompilerThread0" daemon [_thread_in_native, id=6068, stack(0x000000702f500000,0x000000702f600000)]
  0x00000259e5488210 JavaThread "C1 CompilerThread0" daemon [_thread_blocked, id=6964, stack(0x000000702f600000,0x000000702f700000)]
  0x00000259e54f8980 JavaThread "Sweeper thread" daemon [_thread_blocked, id=6992, stack(0x000000702f700000,0x000000702f800000)]
  0x00000259e55731f0 JavaThread "Common-Cleaner" daemon [_thread_blocked, id=4376, stack(0x000000702f800000,0x000000702f900000)]
  0x00000259e56dde30 JavaThread "Notification Thread" daemon [_thread_blocked, id=5648, stack(0x000000702f900000,0x000000702fa00000)]
  0x00000259eb20c1c0 JavaThread "Daemon health stats" [_thread_blocked, id=5700, stack(0x000000702ff00000,0x0000007030000000)]
  0x00000259eafc0ac0 JavaThread "Incoming local TCP Connector on port 51534" [_thread_in_native, id=3224, stack(0x000000702fb00000,0x000000702fc00000)]
  0x00000259eb58b030 JavaThread "Daemon periodic checks" [_thread_blocked, id=11920, stack(0x0000007030000000,0x0000007030100000)]
  0x00000259eb4a61a0 JavaThread "Daemon" [_thread_blocked, id=3176, stack(0x0000007030100000,0x0000007030200000)]
  0x00000259eb4a6a50 JavaThread "Handler for socket connection from /127.0.0.1:51534 to /127.0.0.1:51535" [_thread_in_native, id=8156, stack(0x0000007030200000,0x0000007030300000)]
  0x00000259e57ff690 JavaThread "Cancel handler" [_thread_blocked, id=7924, stack(0x0000007030300000,0x0000007030400000)]
  0x00000259e57ff180 JavaThread "Daemon worker" [_thread_in_vm, id=4172, stack(0x0000007030400000,0x0000007030500000)]
  0x00000259e57ffba0 JavaThread "Asynchronous log dispatcher for DefaultDaemonConnection: socket connection from /127.0.0.1:51534 to /127.0.0.1:51535" [_thread_blocked, id=3964, stack(0x0000007030500000,0x0000007030600000)]
  0x00000259e57fd320 JavaThread "Stdin handler" [_thread_blocked, id=10260, stack(0x0000007030600000,0x0000007030700000)]
  0x00000259e58000b0 JavaThread "Daemon client event forwarder" [_thread_blocked, id=4224, stack(0x0000007030700000,0x0000007030800000)]
  0x00000259e57fce10 JavaThread "Cache worker for journal cache (C:\Users\Administrator\.gradle\caches\journal-1)" [_thread_blocked, id=1596, stack(0x0000007030800000,0x0000007030900000)]
  0x00000259e57fd830 JavaThread "File lock request listener" [_thread_in_native, id=10380, stack(0x0000007030900000,0x0000007030a00000)]
  0x00000259ebadeec0 JavaThread "Cache worker for file hash cache (C:\Users\Administrator\.gradle\caches\8.7\fileHashes)" [_thread_blocked, id=6080, stack(0x0000007030a00000,0x0000007030b00000)]
=>0x00000259ec3229c0 JavaThread "C2 CompilerThread1" daemon [_thread_in_native, id=7964, stack(0x0000007030b00000,0x0000007030c00000)]
  0x00000259ebaddf90 JavaThread "Cache worker for file hash cache (P:\Flutter\UIComponentsLibrary\.gradle\8.7\fileHashes)" [_thread_blocked, id=8968, stack(0x0000007030c00000,0x0000007030d00000)]
  0x00000259ebad7f60 JavaThread "File watcher server" daemon [_thread_in_native, id=11968, stack(0x0000007030d00000,0x0000007030e00000)]
  0x00000259ebadda80 JavaThread "File watcher consumer" daemon [_thread_blocked, id=4052, stack(0x0000007030e00000,0x0000007030f00000)]
  0x00000259ebadb200 JavaThread "jar transforms" [_thread_blocked, id=2980, stack(0x0000007030f00000,0x0000007031000000)]
  0x00000259ebadc640 JavaThread "jar transforms Thread 2" [_thread_blocked, id=5760, stack(0x0000007031000000,0x0000007031100000)]
  0x00000259ebada2d0 JavaThread "jar transforms Thread 3" [_thread_blocked, id=4500, stack(0x0000007031100000,0x0000007031200000)]
  0x00000259ebadb710 JavaThread "jar transforms Thread 4" [_thread_blocked, id=2912, stack(0x0000007031200000,0x0000007031300000)]

Other Threads:
  0x00000259e530eb00 VMThread "VM Thread" [stack: 0x000000702ee00000,0x000000702ef00000] [id=7024]
  0x00000259e56de310 WatcherThread [stack: 0x000000702fa00000,0x000000702fb00000] [id=10124]
  0x00000259c9df5480 GCTaskThread "GC Thread#0" [stack: 0x000000702e900000,0x000000702ea00000] [id=9072]
  0x00000259e5837cb0 GCTaskThread "GC Thread#1" [stack: 0x000000702fc00000,0x000000702fd00000] [id=4608]
  0x00000259ea2d67a0 GCTaskThread "GC Thread#2" [stack: 0x000000702fd00000,0x000000702fe00000] [id=10668]
  0x00000259ea1754d0 GCTaskThread "GC Thread#3" [stack: 0x000000702fe00000,0x000000702ff00000] [id=3780]
  0x00000259c9e062e0 ConcurrentGCThread "G1 Main Marker" [stack: 0x000000702ea00000,0x000000702eb00000] [id=11868]
  0x00000259c9e06c10 ConcurrentGCThread "G1 Conc#0" [stack: 0x000000702eb00000,0x000000702ec00000] [id=5628]
  0x00000259c9e5eba0 ConcurrentGCThread "G1 Refine#0" [stack: 0x000000702ec00000,0x000000702ed00000] [id=7632]
  0x00000259e5158650 ConcurrentGCThread "G1 Service" [stack: 0x000000702ed00000,0x000000702ee00000] [id=8856]

Threads with active compile tasks:
C2 CompilerThread0     6405 2473   !   4       java.net.URLClassLoader$1::run (81 bytes)
C2 CompilerThread1     6405 2734 %     4       java.util.zip.ZipFile$Source::initCEN @ 240 (591 bytes)

VM state: not at safepoint (normal execution)

VM Mutex/Monitor currently owned by a thread: None

Heap address: 0x0000000080000000, size: 2048 MB, Compressed Oops mode: 32-bit

CDS archive(s) not mapped
Compressed class space mapped at: 0x0000000100000000-0x0000000140000000, reserved size: 1073741824
Narrow klass base: 0x0000000000000000, Narrow klass shift: 3, Narrow klass range: 0x140000000

GC Precious Log:
 CPUs: 4 total, 4 available
 Memory: 12246M
 Large Page Support: Disabled
 NUMA Support: Disabled
 Compressed Oops: Enabled (32-bit)
 Heap Region Size: 1M
 Heap Min Capacity: 8M
 Heap Initial Capacity: 192M
 Heap Max Capacity: 2G
 Pre-touch: Disabled
 Parallel Workers: 4
 Concurrent Workers: 1
 Concurrent Refinement Workers: 4
 Periodic GC: Disabled

Heap:
 garbage-first heap   total 71680K, used 46319K [0x0000000080000000, 0x0000000100000000)
  region size 1024K, 17 young (17408K), 4 survivors (4096K)
 Metaspace       used 32025K, committed 32320K, reserved 1114112K
  class space    used 4328K, committed 4480K, reserved 1048576K

Heap Regions: E=young(eden), S=young(survivor), O=old, HS=humongous(starts), HC=humongous(continues), CS=collection set, F=free, OA=open archive, CA=closed archive, TAMS=top-at-mark-start (previous, next)
|   0|0x0000000080000000, 0x0000000080100000, 0x0000000080100000|100%| O|  |TAMS 0x0000000080100000, 0x0000000080000000| Untracked 
|   1|0x0000000080100000, 0x0000000080200000, 0x0000000080200000|100%|HS|  |TAMS 0x0000000080200000, 0x0000000080100000| Complete 
|   2|0x0000000080200000, 0x0000000080300000, 0x0000000080300000|100%|HC|  |TAMS 0x0000000080300000, 0x0000000080200000| Complete 
|   3|0x0000000080300000, 0x0000000080400000, 0x0000000080400000|100%|HC|  |TAMS 0x0000000080400000, 0x0000000080300000| Complete 
|   4|0x0000000080400000, 0x0000000080500000, 0x0000000080500000|100%|HC|  |TAMS 0x0000000080500000, 0x0000000080400000| Complete 
|   5|0x0000000080500000, 0x0000000080600000, 0x0000000080600000|100%| O|  |TAMS 0x0000000080600000, 0x0000000080500000| Untracked 
|   6|0x0000000080600000, 0x0000000080700000, 0x0000000080700000|100%| O|  |TAMS 0x0000000080700000, 0x0000000080600000| Untracked 
|   7|0x0000000080700000, 0x0000000080800000, 0x0000000080800000|100%| O|  |TAMS 0x0000000080800000, 0x0000000080700000| Untracked 
|   8|0x0000000080800000, 0x0000000080900000, 0x0000000080900000|100%| O|  |TAMS 0x0000000080900000, 0x0000000080800000| Untracked 
|   9|0x0000000080900000, 0x0000000080a00000, 0x0000000080a00000|100%| O|  |TAMS 0x0000000080a00000, 0x0000000080900000| Untracked 
|  10|0x0000000080a00000, 0x0000000080adf800, 0x0000000080b00000| 87%| O|  |TAMS 0x0000000080adf800, 0x0000000080a00000| Untracked 
|  11|0x0000000080b00000, 0x0000000080c00000, 0x0000000080c00000|100%| O|  |TAMS 0x0000000080b00000, 0x0000000080b00000| Untracked 
|  12|0x0000000080c00000, 0x0000000080d00000, 0x0000000080d00000|100%| O|  |TAMS 0x0000000080c00000, 0x0000000080c00000| Untracked 
|  13|0x0000000080d00000, 0x0000000080e00000, 0x0000000080e00000|100%| O|  |TAMS 0x0000000080d00000, 0x0000000080d00000| Untracked 
|  14|0x0000000080e00000, 0x0000000080f00000, 0x0000000080f00000|100%| O|  |TAMS 0x0000000080e00000, 0x0000000080e00000| Untracked 
|  15|0x0000000080f00000, 0x0000000081000000, 0x0000000081000000|100%| O|  |TAMS 0x0000000080f00000, 0x0000000080f00000| Untracked 
|  16|0x0000000081000000, 0x0000000081100000, 0x0000000081100000|100%| O|  |TAMS 0x0000000081000000, 0x0000000081000000| Untracked 
|  17|0x0000000081100000, 0x0000000081200000, 0x0000000081200000|100%| O|  |TAMS 0x0000000081100000, 0x0000000081100000| Untracked 
|  18|0x0000000081200000, 0x00000000812d4200, 0x0000000081300000| 82%| O|  |TAMS 0x0000000081200000, 0x0000000081200000| Untracked 
|  19|0x0000000081300000, 0x0000000081400000, 0x0000000081400000|100%|HS|  |TAMS 0x0000000081300000, 0x0000000081300000| Complete 
|  20|0x0000000081400000, 0x0000000081500000, 0x0000000081500000|100%|HC|  |TAMS 0x0000000081400000, 0x0000000081400000| Complete 
|  21|0x0000000081500000, 0x0000000081600000, 0x0000000081600000|100%|HC|  |TAMS 0x0000000081500000, 0x0000000081500000| Complete 
|  22|0x0000000081600000, 0x0000000081700000, 0x0000000081700000|100%|HC|  |TAMS 0x0000000081600000, 0x0000000081600000| Complete 
|  23|0x0000000081700000, 0x0000000081800000, 0x0000000081800000|100%|HC|  |TAMS 0x0000000081700000, 0x0000000081700000| Complete 
|  24|0x0000000081800000, 0x0000000081900000, 0x0000000081900000|100%|HS|  |TAMS 0x0000000081800000, 0x0000000081800000| Complete 
|  25|0x0000000081900000, 0x0000000081a00000, 0x0000000081a00000|100%|HC|  |TAMS 0x0000000081900000, 0x0000000081900000| Complete 
|  26|0x0000000081a00000, 0x0000000081b00000, 0x0000000081b00000|100%|HC|  |TAMS 0x0000000081a00000, 0x0000000081a00000| Complete 
|  27|0x0000000081b00000, 0x0000000081c00000, 0x0000000081c00000|100%|HS|  |TAMS 0x0000000081b00000, 0x0000000081b00000| Complete 
|  28|0x0000000081c00000, 0x0000000081d00000, 0x0000000081d00000|100%|HC|  |TAMS 0x0000000081c00000, 0x0000000081c00000| Complete 
|  29|0x0000000081d00000, 0x0000000081e00000, 0x0000000081e00000|100%|HC|  |TAMS 0x0000000081d00000, 0x0000000081d00000| Complete 
|  30|0x0000000081e00000, 0x0000000081e00000, 0x0000000081f00000|  0%| F|  |TAMS 0x0000000081e00000, 0x0000000081e00000| Untracked 
|  31|0x0000000081f00000, 0x0000000081f00000, 0x0000000082000000|  0%| F|  |TAMS 0x0000000081f00000, 0x0000000081f00000| Untracked 
|  32|0x0000000082000000, 0x0000000082000000, 0x0000000082100000|  0%| F|  |TAMS 0x0000000082000000, 0x0000000082000000| Untracked 
|  33|0x0000000082100000, 0x0000000082100000, 0x0000000082200000|  0%| F|  |TAMS 0x0000000082100000, 0x0000000082100000| Untracked 
|  34|0x0000000082200000, 0x0000000082200000, 0x0000000082300000|  0%| F|  |TAMS 0x0000000082200000, 0x0000000082200000| Untracked 
|  35|0x0000000082300000, 0x0000000082300000, 0x0000000082400000|  0%| F|  |TAMS 0x0000000082300000, 0x0000000082300000| Untracked 
|  36|0x0000000082400000, 0x0000000082488288, 0x0000000082500000| 53%| S|CS|TAMS 0x0000000082400000, 0x0000000082400000| Complete 
|  37|0x0000000082500000, 0x0000000082600000, 0x0000000082600000|100%| S|CS|TAMS 0x0000000082500000, 0x0000000082500000| Complete 
|  38|0x0000000082600000, 0x0000000082700000, 0x0000000082700000|100%| S|CS|TAMS 0x0000000082600000, 0x0000000082600000| Complete 
|  39|0x0000000082700000, 0x0000000082800000, 0x0000000082800000|100%| S|CS|TAMS 0x0000000082700000, 0x0000000082700000| Complete 
|  40|0x0000000082800000, 0x0000000082800000, 0x0000000082900000|  0%| F|  |TAMS 0x0000000082800000, 0x0000000082800000| Untracked 
|  41|0x0000000082900000, 0x0000000082900000, 0x0000000082a00000|  0%| F|  |TAMS 0x0000000082900000, 0x0000000082900000| Untracked 
|  42|0x0000000082a00000, 0x0000000082a00000, 0x0000000082b00000|  0%| F|  |TAMS 0x0000000082a00000, 0x0000000082a00000| Untracked 
|  43|0x0000000082b00000, 0x0000000082b00000, 0x0000000082c00000|  0%| F|  |TAMS 0x0000000082b00000, 0x0000000082b00000| Untracked 
|  44|0x0000000082c00000, 0x0000000082c00000, 0x0000000082d00000|  0%| F|  |TAMS 0x0000000082c00000, 0x0000000082c00000| Untracked 
|  45|0x0000000082d00000, 0x0000000082d00000, 0x0000000082e00000|  0%| F|  |TAMS 0x0000000082d00000, 0x0000000082d00000| Untracked 
|  46|0x0000000082e00000, 0x0000000082e00000, 0x0000000082f00000|  0%| F|  |TAMS 0x0000000082e00000, 0x0000000082e00000| Untracked 
|  47|0x0000000082f00000, 0x0000000082f00000, 0x0000000083000000|  0%| F|  |TAMS 0x0000000082f00000, 0x0000000082f00000| Untracked 
|  48|0x0000000083000000, 0x0000000083000000, 0x0000000083100000|  0%| F|  |TAMS 0x0000000083000000, 0x0000000083000000| Untracked 
|  49|0x0000000083100000, 0x0000000083100000, 0x0000000083200000|  0%| F|  |TAMS 0x0000000083100000, 0x0000000083100000| Untracked 
|  50|0x0000000083200000, 0x0000000083200000, 0x0000000083300000|  0%| F|  |TAMS 0x0000000083200000, 0x0000000083200000| Untracked 
|  51|0x0000000083300000, 0x0000000083300000, 0x0000000083400000|  0%| F|  |TAMS 0x0000000083300000, 0x0000000083300000| Untracked 
|  52|0x0000000083400000, 0x0000000083400000, 0x0000000083500000|  0%| F|  |TAMS 0x0000000083400000, 0x0000000083400000| Untracked 
|  53|0x0000000083500000, 0x0000000083500000, 0x0000000083600000|  0%| F|  |TAMS 0x0000000083500000, 0x0000000083500000| Untracked 
|  54|0x0000000083600000, 0x0000000083600000, 0x0000000083700000|  0%| F|  |TAMS 0x0000000083600000, 0x0000000083600000| Untracked 
|  55|0x0000000083700000, 0x0000000083700000, 0x0000000083800000|  0%| F|  |TAMS 0x0000000083700000, 0x0000000083700000| Untracked 
|  56|0x0000000083800000, 0x0000000083800000, 0x0000000083900000|  0%| F|  |TAMS 0x0000000083800000, 0x0000000083800000| Untracked 
|  57|0x0000000083900000, 0x00000000839ea180, 0x0000000083a00000| 91%| E|  |TAMS 0x0000000083900000, 0x0000000083900000| Complete 
|  58|0x0000000083a00000, 0x0000000083b00000, 0x0000000083b00000|100%| E|CS|TAMS 0x0000000083a00000, 0x0000000083a00000| Complete 
|  59|0x0000000083b00000, 0x0000000083c00000, 0x0000000083c00000|100%| E|CS|TAMS 0x0000000083b00000, 0x0000000083b00000| Complete 
| 136|0x0000000088800000, 0x0000000088900000, 0x0000000088900000|100%| E|CS|TAMS 0x0000000088800000, 0x0000000088800000| Complete 
| 137|0x0000000088900000, 0x0000000088a00000, 0x0000000088a00000|100%| E|CS|TAMS 0x0000000088900000, 0x0000000088900000| Complete 
| 138|0x0000000088a00000, 0x0000000088b00000, 0x0000000088b00000|100%| E|CS|TAMS 0x0000000088a00000, 0x0000000088a00000| Complete 
| 139|0x0000000088b00000, 0x0000000088c00000, 0x0000000088c00000|100%| E|CS|TAMS 0x0000000088b00000, 0x0000000088b00000| Complete 
| 140|0x0000000088c00000, 0x0000000088d00000, 0x0000000088d00000|100%| E|CS|TAMS 0x0000000088c00000, 0x0000000088c00000| Complete 
| 141|0x0000000088d00000, 0x0000000088e00000, 0x0000000088e00000|100%| E|CS|TAMS 0x0000000088d00000, 0x0000000088d00000| Complete 
| 142|0x0000000088e00000, 0x0000000088f00000, 0x0000000088f00000|100%| E|CS|TAMS 0x0000000088e00000, 0x0000000088e00000| Complete 
| 143|0x0000000088f00000, 0x0000000089000000, 0x0000000089000000|100%| E|CS|TAMS 0x0000000088f00000, 0x0000000088f00000| Complete 
| 144|0x0000000089000000, 0x0000000089100000, 0x0000000089100000|100%| E|CS|TAMS 0x0000000089000000, 0x0000000089000000| Complete 
| 191|0x000000008bf00000, 0x000000008c000000, 0x000000008c000000|100%| E|CS|TAMS 0x000000008bf00000, 0x000000008bf00000| Complete 

Card table byte_map: [0x00000259de480000,0x00000259de880000] _byte_map_base: 0x00000259de080000

Marking Bits (Prev, Next): (CMBitMap*) 0x00000259c9df59f0, (CMBitMap*) 0x00000259c9df59b0
 Prev Bits: [0x00000259e0c80000, 0x00000259e2c80000)
 Next Bits: [0x00000259dec80000, 0x00000259e0c80000)

Polling page: 0x00000259c9e60000

Metaspace:

Usage:
  Non-class:     27.05 MB used.
      Class:      4.23 MB used.
       Both:     31.27 MB used.

Virtual space:
  Non-class space:       64.00 MB reserved,      27.19 MB ( 42%) committed,  1 nodes.
      Class space:        1.00 GB reserved,       4.38 MB ( <1%) committed,  1 nodes.
             Both:        1.06 GB reserved,      31.56 MB (  3%) committed. 

Chunk freelists:
   Non-Class:  4.20 MB
       Class:  11.53 MB
        Both:  15.73 MB

MaxMetaspaceSize: unlimited
CompressedClassSpaceSize: 1.00 GB
Initial GC threshold: 21.00 MB
Current GC threshold: 35.25 MB
CDS: off
MetaspaceReclaimPolicy: balanced
 - commit_granule_bytes: 65536.
 - commit_granule_words: 8192.
 - virtual_space_node_default_size: 8388608.
 - enlarge_chunks_in_place: 1.
 - new_chunks_are_fully_committed: 0.
 - uncommit_free_chunks: 1.
 - use_allocation_guard: 0.
 - handle_deallocations: 1.


Internal statistics:

num_allocs_failed_limit: 3.
num_arena_births: 306.
num_arena_deaths: 0.
num_vsnodes_births: 2.
num_vsnodes_deaths: 0.
num_space_committed: 505.
num_space_uncommitted: 0.
num_chunks_returned_to_freelist: 3.
num_chunks_taken_from_freelist: 1191.
num_chunk_merges: 3.
num_chunk_splits: 747.
num_chunks_enlarged: 514.
num_inconsistent_stats: 0.

CodeHeap 'non-profiled nmethods': size=120000Kb used=1536Kb max_used=1536Kb free=118463Kb
 bounds [0x00000259d6520000, 0x00000259d6790000, 0x00000259dda50000]
CodeHeap 'profiled nmethods': size=120000Kb used=5754Kb max_used=5754Kb free=114245Kb
 bounds [0x00000259cea50000, 0x00000259ceff0000, 0x00000259d5f80000]
CodeHeap 'non-nmethods': size=5760Kb used=1230Kb max_used=1369Kb free=4529Kb
 bounds [0x00000259d5f80000, 0x00000259d61f0000, 0x00000259d6520000]
 total_blobs=3326 nmethods=2781 adapters=457
 compilation: enabled
              stopped_count=0, restarted_count=0
 full_count=0

Compilation events (20 events):
Event: 6.318 Thread 0x00000259e5488210 nmethod 2739 0x00000259d669df90 code [0x00000259d669e120, 0x00000259d669e1f8]
Event: 6.318 Thread 0x00000259e5488210 2741       3       com.google.common.cache.LocalCache::expiresAfterWrite (15 bytes)
Event: 6.318 Thread 0x00000259e5488210 nmethod 2741 0x00000259cefd9610 code [0x00000259cefd97a0, 0x00000259cefd9918]
Event: 6.318 Thread 0x00000259e5488210 2742   !   3       java.util.concurrent.ConcurrentHashMap::putVal (432 bytes)
Event: 6.320 Thread 0x00000259e5488210 nmethod 2742 0x00000259cefd9990 code [0x00000259cefd9d00, 0x00000259cefdb848]
Event: 6.322 Thread 0x00000259e5488210 2743       3       jdk.internal.reflect.ClassFileAssembler::getLength (11 bytes)
Event: 6.322 Thread 0x00000259e5488210 nmethod 2743 0x00000259cefdc210 code [0x00000259cefdc3c0, 0x00000259cefdc578]
Event: 6.323 Thread 0x00000259e5488210 2744       3       java.io.ObjectInputStream$PeekInputStream::peek (49 bytes)
Event: 6.324 Thread 0x00000259e5488210 nmethod 2744 0x00000259cefdc690 code [0x00000259cefdc840, 0x00000259cefdcae8]
Event: 6.324 Thread 0x00000259e5488210 2745       3       java.io.ObjectInputStream$PeekInputStream::read (115 bytes)
Event: 6.324 Thread 0x00000259e5488210 nmethod 2745 0x00000259cefdcb90 code [0x00000259cefdcd80, 0x00000259cefdd278]
Event: 6.340 Thread 0x00000259e5488210 2746       3       java.util.concurrent.locks.AbstractQueuedSynchronizer$ConditionObject::canReacquire (38 bytes)
Event: 6.340 Thread 0x00000259e5488210 nmethod 2746 0x00000259cefdd410 code [0x00000259cefdd5c0, 0x00000259cefdd958]
Event: 6.345 Thread 0x00000259e5488210 2748   !   2       jdk.internal.loader.URLClassPath$JarLoader::ensureOpen (36 bytes)
Event: 6.345 Thread 0x00000259e5488210 nmethod 2748 0x00000259cefddb10 code [0x00000259cefddcc0, 0x00000259cefde048]
Event: 6.350 Thread 0x00000259e5488210 2749       3       jdk.internal.reflect.ClassFileAssembler::emitConstantPoolClass (23 bytes)
Event: 6.351 Thread 0x00000259e5488210 nmethod 2749 0x00000259cefde210 code [0x00000259cefde400, 0x00000259cefde848]
Event: 6.351 Thread 0x00000259e5488210 2750       3       java.io.RandomAccessFile::<init> (262 bytes)
Event: 6.352 Thread 0x00000259e5488210 nmethod 2750 0x00000259cefdea90 code [0x00000259cefdee40, 0x00000259cefe03e8]
Event: 6.355 Thread 0x00000259e5488210 2751       3       java.util.AbstractQueue::add (20 bytes)

GC Heap History (12 events):
Event: 1.049 GC heap before
{Heap before GC invocations=0 (full 0):
 garbage-first heap   total 196608K, used 12288K [0x0000000080000000, 0x0000000100000000)
  region size 1024K, 13 young (13312K), 0 survivors (0K)
 Metaspace       used 7563K, committed 7680K, reserved 1114112K
  class space    used 664K, committed 704K, reserved 1048576K
}
Event: 1.055 GC heap after
{Heap after GC invocations=1 (full 0):
 garbage-first heap   total 196608K, used 2825K [0x0000000080000000, 0x0000000100000000)
  region size 1024K, 2 young (2048K), 2 survivors (2048K)
 Metaspace       used 7563K, committed 7680K, reserved 1114112K
  class space    used 664K, committed 704K, reserved 1048576K
}
Event: 2.049 GC heap before
{Heap before GC invocations=1 (full 0):
 garbage-first heap   total 196608K, used 23305K [0x0000000080000000, 0x0000000100000000)
  region size 1024K, 19 young (19456K), 2 survivors (2048K)
 Metaspace       used 11391K, committed 11584K, reserved 1114112K
  class space    used 1194K, committed 1280K, reserved 1048576K
}
Event: 2.054 GC heap after
{Heap after GC invocations=2 (full 0):
 garbage-first heap   total 196608K, used 11168K [0x0000000080000000, 0x0000000100000000)
  region size 1024K, 3 young (3072K), 3 survivors (3072K)
 Metaspace       used 11391K, committed 11584K, reserved 1114112K
  class space    used 1194K, committed 1280K, reserved 1048576K
}
Event: 2.679 GC heap before
{Heap before GC invocations=2 (full 0):
 garbage-first heap   total 196608K, used 34720K [0x0000000080000000, 0x0000000100000000)
  region size 1024K, 26 young (26624K), 3 survivors (3072K)
 Metaspace       used 11479K, committed 11648K, reserved 1114112K
  class space    used 1196K, committed 1280K, reserved 1048576K
}
Event: 2.681 GC heap after
{Heap after GC invocations=3 (full 0):
 garbage-first heap   total 196608K, used 11614K [0x0000000080000000, 0x0000000100000000)
  region size 1024K, 1 young (1024K), 1 survivors (1024K)
 Metaspace       used 11479K, committed 11648K, reserved 1114112K
  class space    used 1196K, committed 1280K, reserved 1048576K
}
Event: 4.962 GC heap before
{Heap before GC invocations=3 (full 0):
 garbage-first heap   total 196608K, used 58718K [0x0000000080000000, 0x0000000100000000)
  region size 1024K, 47 young (48128K), 1 survivors (1024K)
 Metaspace       used 21295K, committed 21504K, reserved 1114112K
  class space    used 2503K, committed 2624K, reserved 1048576K
}
Event: 4.967 GC heap after
{Heap after GC invocations=4 (full 0):
 garbage-first heap   total 196608K, used 19426K [0x0000000080000000, 0x0000000100000000)
  region size 1024K, 9 young (9216K), 9 survivors (9216K)
 Metaspace       used 21295K, committed 21504K, reserved 1114112K
  class space    used 2503K, committed 2624K, reserved 1048576K
}
Event: 5.475 GC heap before
{Heap before GC invocations=5 (full 0):
 garbage-first heap   total 71680K, used 53218K [0x0000000080000000, 0x0000000100000000)
  region size 1024K, 42 young (43008K), 9 survivors (9216K)
 Metaspace       used 26611K, committed 26944K, reserved 1114112K
  class space    used 3382K, committed 3520K, reserved 1048576K
}
Event: 5.482 GC heap after
{Heap after GC invocations=6 (full 0):
 garbage-first heap   total 71680K, used 21152K [0x0000000080000000, 0x0000000100000000)
  region size 1024K, 2 young (2048K), 2 survivors (2048K)
 Metaspace       used 26611K, committed 26944K, reserved 1114112K
  class space    used 3382K, committed 3520K, reserved 1048576K
}
Event: 5.977 GC heap before
{Heap before GC invocations=6 (full 0):
 garbage-first heap   total 71680K, used 51872K [0x0000000080000000, 0x0000000100000000)
  region size 1024K, 32 young (32768K), 2 survivors (2048K)
 Metaspace       used 30616K, committed 30912K, reserved 1114112K
  class space    used 4063K, committed 4224K, reserved 1048576K
}
Event: 5.980 GC heap after
{Heap after GC invocations=7 (full 0):
 garbage-first heap   total 71680K, used 22767K [0x0000000080000000, 0x0000000100000000)
  region size 1024K, 4 young (4096K), 4 survivors (4096K)
 Metaspace       used 30616K, committed 30912K, reserved 1114112K
  class space    used 4063K, committed 4224K, reserved 1048576K
}

Dll operation events (3 events):
Event: 0.008 Loaded shared library C:\Program Files\Android\Android Studio\jbr\bin\java.dll
Event: 0.270 Loaded shared library C:\Program Files\Android\Android Studio\jbr\bin\zip.dll
Event: 1.083 Loaded shared library C:\Program Files\Android\Android Studio\jbr\bin\verify.dll

Deoptimization events (20 events):
Event: 6.316 Thread 0x00000259e57ff180 Uncommon trap: trap_request=0xffffffc6 fr.pc=0x00000259d6665fd8 relative=0x0000000000005298
Event: 6.316 Thread 0x00000259e57ff180 Uncommon trap: reason=bimorphic_or_optimized_type_check action=maybe_recompile pc=0x00000259d6665fd8 method=java.lang.ClassLoader.loadClass(Ljava/lang/String;Z)Ljava/lang/Class; @ 38 c2
Event: 6.316 Thread 0x00000259e57ff180 DEOPT PACKING pc=0x00000259d6665fd8 sp=0x00000070304fa350
Event: 6.316 Thread 0x00000259e57ff180 DEOPT UNPACKING pc=0x00000259d5fd69a3 sp=0x00000070304fa370 mode 2
Event: 6.316 Thread 0x00000259e57ff180 Uncommon trap: trap_request=0xffffffc6 fr.pc=0x00000259d6665fd8 relative=0x0000000000005298
Event: 6.316 Thread 0x00000259e57ff180 Uncommon trap: reason=bimorphic_or_optimized_type_check action=maybe_recompile pc=0x00000259d6665fd8 method=java.lang.ClassLoader.loadClass(Ljava/lang/String;Z)Ljava/lang/Class; @ 38 c2
Event: 6.316 Thread 0x00000259e57ff180 DEOPT PACKING pc=0x00000259d6665fd8 sp=0x00000070304fa590
Event: 6.316 Thread 0x00000259e57ff180 DEOPT UNPACKING pc=0x00000259d5fd69a3 sp=0x00000070304fa5b0 mode 2
Event: 6.316 Thread 0x00000259e57ff180 Uncommon trap: trap_request=0xffffffc6 fr.pc=0x00000259d6665fd8 relative=0x0000000000005298
Event: 6.316 Thread 0x00000259e57ff180 Uncommon trap: reason=bimorphic_or_optimized_type_check action=maybe_recompile pc=0x00000259d6665fd8 method=java.lang.ClassLoader.loadClass(Ljava/lang/String;Z)Ljava/lang/Class; @ 38 c2
Event: 6.316 Thread 0x00000259e57ff180 DEOPT PACKING pc=0x00000259d6665fd8 sp=0x00000070304fb6d0
Event: 6.316 Thread 0x00000259e57ff180 DEOPT UNPACKING pc=0x00000259d5fd69a3 sp=0x00000070304fb6f0 mode 2
Event: 6.319 Thread 0x00000259e57ff180 Uncommon trap: trap_request=0xffffff45 fr.pc=0x00000259d6689a8c relative=0x000000000000650c
Event: 6.319 Thread 0x00000259e57ff180 Uncommon trap: reason=unstable_if action=reinterpret pc=0x00000259d6689a8c method=java.net.URLClassLoader.getAndVerifyPackage(Ljava/lang/String;Ljava/util/jar/Manifest;Ljava/net/URL;)Ljava/lang/Package; @ 62 c2
Event: 6.319 Thread 0x00000259e57ff180 DEOPT PACKING pc=0x00000259d6689a8c sp=0x00000070304fb9b0
Event: 6.319 Thread 0x00000259e57ff180 DEOPT UNPACKING pc=0x00000259d5fd69a3 sp=0x00000070304fb738 mode 2
Event: 6.320 Thread 0x00000259e57ff180 Uncommon trap: trap_request=0xffffff45 fr.pc=0x00000259d667c144 relative=0x0000000000005f64
Event: 6.320 Thread 0x00000259e57ff180 Uncommon trap: reason=unstable_if action=reinterpret pc=0x00000259d667c144 method=java.net.URLClassLoader.getAndVerifyPackage(Ljava/lang/String;Ljava/util/jar/Manifest;Ljava/net/URL;)Ljava/lang/Package; @ 62 c2
Event: 6.320 Thread 0x00000259e57ff180 DEOPT PACKING pc=0x00000259d667c144 sp=0x00000070304fb2a0
Event: 6.320 Thread 0x00000259e57ff180 DEOPT UNPACKING pc=0x00000259d5fd69a3 sp=0x00000070304fb160 mode 2

Classes unloaded (0 events):
No events

Classes redefined (0 events):
No events

Internal exceptions (20 events):
Event: 5.356 Thread 0x00000259e57ff180 Exception <a 'java/lang/IncompatibleClassChangeError'{0x000000008230b538}: Found class java.lang.Object, but interface was expected> (0x000000008230b538) 
thrown [s\src\hotspot\share\interpreter\linkResolver.cpp, line 838]
Event: 5.668 Thread 0x00000259e57ff180 Exception <a 'java/lang/NoSuchMethodError'{0x000000008388bda8}: 'java.lang.Object java.lang.invoke.DirectMethodHandle$Holder.invokeVirtual(java.lang.Object, java.lang.Object, java.lang.Object, java.lang.Object)'> (0x000000008388bda8) 
thrown [s\src\hotspot\share\interpreter\linkResolver.cpp, line 771]
Event: 5.694 Thread 0x00000259e57ff180 Exception <a 'java/lang/NoSuchMethodError'{0x00000000837d9be0}: 'java.lang.Object java.lang.invoke.DirectMethodHandle$Holder.newInvokeSpecial(java.lang.Object, java.lang.Object, java.lang.Object, java.lang.Object, java.lang.Object, java.lang.Object, java.lang.Object)'> (0x00000000837d9be0) 
thrown [s\src\hotspot\share\interpreter\linkResolver.cpp, line 771]
Event: 5.694 Thread 0x00000259e57ff180 Exception <a 'java/lang/NoSuchMethodError'{0x00000000837de8b0}: 'java.lang.Object java.lang.invoke.Invokers$Holder.linkToTargetMethod(java.lang.Object, java.lang.Object, java.lang.Object, java.lang.Object, java.lang.Object, java.lang.Object, java.lang.Object)'> (0x00000000837de8b0) 
thrown [s\src\hotspot\share\interpreter\linkResolver.cpp, line 771]
Event: 5.863 Thread 0x00000259e57ff180 Exception <a 'java/lang/NoSuchMethodError'{0x0000000082da2cf0}: 'java.lang.Object java.lang.invoke.DirectMethodHandle$Holder.invokeStaticInit(java.lang.Object, java.lang.Object, java.lang.Object, java.lang.Object)'> (0x0000000082da2cf0) 
thrown [s\src\hotspot\share\interpreter\linkResolver.cpp, line 771]
Event: 5.881 Thread 0x00000259e57ff180 Exception <a 'java/lang/NoSuchMethodError'{0x0000000082c92c80}: 'java.lang.Object java.lang.invoke.DirectMethodHandle$Holder.newInvokeSpecial(java.lang.Object, java.lang.Object, java.lang.Object, java.lang.Object, java.lang.Object, java.lang.Object, java.lang.Object, java.lang.Object)'> (0x0000000082c92c80) 
thrown [s\src\hotspot\share\interpreter\linkResolver.cpp, line 771]
Event: 5.882 Thread 0x00000259e57ff180 Exception <a 'java/lang/NoSuchMethodError'{0x0000000082c98688}: 'java.lang.Object java.lang.invoke.DirectMethodHandle$Holder.invokeSpecial(java.lang.Object, java.lang.Object, java.lang.Object, java.lang.Object, java.lang.Object, java.lang.Object, java.lang.Object, java.lang.Object, java.lang.Object)'> (0x0000000082c98688) 
thrown [s\src\hotspot\share\interpreter\linkResolver.cpp, line 771]
Event: 5.882 Thread 0x00000259e57ff180 Exception <a 'java/lang/NoSuchMethodError'{0x0000000082c9da38}: 'java.lang.Object java.lang.invoke.Invokers$Holder.linkToTargetMethod(java.lang.Object, java.lang.Object, java.lang.Object, java.lang.Object, java.lang.Object, java.lang.Object, java.lang.Object, java.lang.Object)'> (0x0000000082c9da38) 
thrown [s\src\hotspot\share\interpreter\linkResolver.cpp, line 771]
Event: 5.889 Thread 0x00000259e57ff180 Exception <a 'java/lang/NoSuchMethodError'{0x0000000082ce74d8}: 'void java.lang.invoke.DirectMethodHandle$Holder.invokeStatic(java.lang.Object, java.lang.Object, java.lang.Object, java.lang.Object)'> (0x0000000082ce74d8) 
thrown [s\src\hotspot\share\interpreter\linkResolver.cpp, line 771]
Event: 6.040 Thread 0x00000259e57ff180 Exception <a 'java/lang/NoSuchMethodError'{0x0000000088e433e0}: 'int java.lang.invoke.DirectMethodHandle$Holder.invokeVirtual(java.lang.Object, java.lang.Object)'> (0x0000000088e433e0) 
thrown [s\src\hotspot\share\interpreter\linkResolver.cpp, line 771]
Event: 6.042 Thread 0x00000259e57ff180 Exception <a 'java/lang/NoSuchMethodError'{0x0000000088e55ba0}: 'java.lang.Object java.lang.invoke.DirectMethodHandle$Holder.invokeStaticInit(java.lang.Object, java.lang.Object, java.lang.Object)'> (0x0000000088e55ba0) 
thrown [s\src\hotspot\share\interpreter\linkResolver.cpp, line 771]
Event: 6.076 Thread 0x00000259e57ff180 Exception <a 'java/lang/NoSuchMethodError'{0x0000000088dabe40}: 'int java.lang.invoke.DirectMethodHandle$Holder.invokeStaticInit(java.lang.Object, java.lang.Object, java.lang.Object)'> (0x0000000088dabe40) 
thrown [s\src\hotspot\share\interpreter\linkResolver.cpp, line 771]
Event: 6.079 Thread 0x00000259e57ff180 Exception <a 'java/lang/NoSuchMethodError'{0x0000000088dc0f18}: 'java.lang.Object java.lang.invoke.DirectMethodHandle$Holder.newInvokeSpecial(java.lang.Object, java.lang.Object, long)'> (0x0000000088dc0f18) 
thrown [s\src\hotspot\share\interpreter\linkResolver.cpp, line 771]
Event: 6.080 Thread 0x00000259e57ff180 Exception <a 'java/lang/NoSuchMethodError'{0x0000000088dc5280}: 'java.lang.Object java.lang.invoke.Invokers$Holder.linkToTargetMethod(java.lang.Object, long, java.lang.Object)'> (0x0000000088dc5280) 
thrown [s\src\hotspot\share\interpreter\linkResolver.cpp, line 771]
Event: 6.118 Thread 0x00000259e57ff180 Exception <a 'java/lang/NoSuchMethodError'{0x0000000088b3a1a0}: 'int java.lang.invoke.DirectMethodHandle$Holder.invokeInterface(java.lang.Object, java.lang.Object)'> (0x0000000088b3a1a0) 
thrown [s\src\hotspot\share\interpreter\linkResolver.cpp, line 771]
Event: 6.123 Thread 0x00000259e57ff180 Exception <a 'java/lang/NoSuchMethodError'{0x0000000088b5be00}: 'java.lang.Object java.lang.invoke.DirectMethodHandle$Holder.invokeStatic(java.lang.Object, java.lang.Object, int, java.lang.Object)'> (0x0000000088b5be00) 
thrown [s\src\hotspot\share\interpreter\linkResolver.cpp, line 771]
Event: 6.123 Thread 0x00000259e57ff180 Exception <a 'java/lang/NoSuchMethodError'{0x0000000088b63650}: 'java.lang.Object java.lang.invoke.DirectMethodHandle$Holder.newInvokeSpecial(java.lang.Object, java.lang.Object, int, java.lang.Object)'> (0x0000000088b63650) 
thrown [s\src\hotspot\share\interpreter\linkResolver.cpp, line 771]
Event: 6.124 Thread 0x00000259e57ff180 Exception <a 'java/lang/NoSuchMethodError'{0x0000000088b679e8}: 'java.lang.Object java.lang.invoke.DirectMethodHandle$Holder.invokeSpecial(java.lang.Object, java.lang.Object, java.lang.Object, int, java.lang.Object)'> (0x0000000088b679e8) 
thrown [s\src\hotspot\share\interpreter\linkResolver.cpp, line 771]
Event: 6.318 Thread 0x00000259e57ff180 Exception <a 'java/lang/NoSuchMethodError'{0x0000000088aed0e8}: static Lorg/gradle/tooling/internal/consumer/connection/InternalPhasedActionAdapter;.<clinit>()V> (0x0000000088aed0e8) 
thrown [s\src\hotspot\share\prims\jni.cpp, line 1127]
Event: 6.324 Thread 0x00000259e57ff180 Exception <a 'java/lang/NoSuchMethodError'{0x00000000888dc0a8}: static Lorg/gradle/tooling/internal/consumer/connection/InternalBuildActionAdapter;.<clinit>()V> (0x00000000888dc0a8) 
thrown [s\src\hotspot\share\prims\jni.cpp, line 1127]

VM Operations (20 events):
Event: 4.962 Executing VM operation: CollectForMetadataAllocation
Event: 4.967 Executing VM operation: CollectForMetadataAllocation done
Event: 4.975 Executing VM operation: G1PauseRemark
Event: 4.976 Executing VM operation: G1PauseRemark done
Event: 4.979 Executing VM operation: G1PauseCleanup
Event: 4.980 Executing VM operation: G1PauseCleanup done
Event: 5.050 Executing VM operation: HandshakeAllThreads
Event: 5.050 Executing VM operation: HandshakeAllThreads done
Event: 5.343 Executing VM operation: HandshakeAllThreads
Event: 5.343 Executing VM operation: HandshakeAllThreads done
Event: 5.343 Executing VM operation: HandshakeAllThreads
Event: 5.343 Executing VM operation: HandshakeAllThreads done
Event: 5.475 Executing VM operation: G1CollectForAllocation
Event: 5.482 Executing VM operation: G1CollectForAllocation done
Event: 5.977 Executing VM operation: G1CollectForAllocation
Event: 5.980 Executing VM operation: G1CollectForAllocation done
Event: 6.097 Executing VM operation: HandshakeAllThreads
Event: 6.097 Executing VM operation: HandshakeAllThreads done
Event: 6.320 Executing VM operation: HandshakeAllThreads
Event: 6.321 Executing VM operation: HandshakeAllThreads done

Events (20 events):
Event: 6.007 loading class java/util/concurrent/CancellationException
Event: 6.008 loading class java/util/concurrent/CancellationException done
Event: 6.032 Thread 0x00000259ebad7f60 Thread added: 0x00000259ebad7f60
Event: 6.032 loading class java/util/concurrent/locks/AbstractQueuedSynchronizer$SharedNode
Event: 6.032 loading class java/util/concurrent/locks/AbstractQueuedSynchronizer$SharedNode done
Event: 6.036 loading class java/io/InterruptedIOException
Event: 6.036 loading class java/io/InterruptedIOException done
Event: 6.039 Thread 0x00000259ebadda80 Thread added: 0x00000259ebadda80
Event: 6.044 loading class java/util/ArrayDeque$DeqSpliterator
Event: 6.044 loading class java/util/ArrayDeque$DeqSpliterator done
Event: 6.058 loading class java/nio/charset/CharacterCodingException
Event: 6.058 loading class java/nio/charset/CharacterCodingException done
Event: 6.059 loading class java/lang/Short$ShortCache
Event: 6.059 loading class java/lang/Short$ShortCache done
Event: 6.260 Thread 0x00000259ebadb200 Thread added: 0x00000259ebadb200
Event: 6.260 Thread 0x00000259ebadc640 Thread added: 0x00000259ebadc640
Event: 6.260 Thread 0x00000259ebada2d0 Thread added: 0x00000259ebada2d0
Event: 6.260 Thread 0x00000259ebadb710 Thread added: 0x00000259ebadb710
Event: 6.261 loading class sun/nio/fs/WindowsPath$1
Event: 6.261 loading class sun/nio/fs/WindowsPath$1 done


Dynamic libraries:
0x00007ff7f1a40000 - 0x00007ff7f1a4a000 	C:\Program Files\Android\Android Studio\jbr\bin\java.exe
0x00007fff7d930000 - 0x00007fff7db28000 	C:\Windows\SYSTEM32\ntdll.dll
0x00007fff7c370000 - 0x00007fff7c42f000 	C:\Windows\System32\KERNEL32.DLL
0x00007fff7b1d0000 - 0x00007fff7b4aa000 	C:\Windows\System32\KERNELBASE.dll
0x00007fff7b4b0000 - 0x00007fff7b5b0000 	C:\Windows\System32\ucrtbase.dll
0x00007fff5f080000 - 0x00007fff5f097000 	C:\Program Files\Android\Android Studio\jbr\bin\jli.dll
0x00007fff7c160000 - 0x00007fff7c2fd000 	C:\Windows\System32\USER32.dll
0x00007fff7b1a0000 - 0x00007fff7b1c2000 	C:\Windows\System32\win32u.dll
0x00007fff7bc20000 - 0x00007fff7bc4b000 	C:\Windows\System32\GDI32.dll
0x00007fff7b5b0000 - 0x00007fff7b6c0000 	C:\Windows\System32\gdi32full.dll
0x00007fff7b100000 - 0x00007fff7b19d000 	C:\Windows\System32\msvcp_win.dll
0x00007fff75d90000 - 0x00007fff75dab000 	C:\Program Files\Android\Android Studio\jbr\bin\VCRUNTIME140.dll
0x00007fff7a3a0000 - 0x00007fff7a63a000 	C:\Windows\WinSxS\amd64_microsoft.windows.common-controls_6595b64144ccf1df_6.0.19041.1110_none_60b5254171f9507e\COMCTL32.dll
0x00007fff7d7f0000 - 0x00007fff7d88e000 	C:\Windows\System32\msvcrt.dll
0x00007fff7b990000 - 0x00007fff7b9c0000 	C:\Windows\System32\IMM32.DLL
0x00007fff75d60000 - 0x00007fff75d6c000 	C:\Program Files\Android\Android Studio\jbr\bin\vcruntime140_1.dll
0x00007fff208e0000 - 0x00007fff2096d000 	C:\Program Files\Android\Android Studio\jbr\bin\msvcp140.dll
0x00007fff5b8f0000 - 0x00007fff5c573000 	C:\Program Files\Android\Android Studio\jbr\bin\server\jvm.dll
0x00007fff7bb70000 - 0x00007fff7bc1e000 	C:\Windows\System32\ADVAPI32.dll
0x00007fff7d390000 - 0x00007fff7d42c000 	C:\Windows\System32\sechost.dll
0x00007fff7d450000 - 0x00007fff7d574000 	C:\Windows\System32\RPCRT4.dll
0x00007fff7aeb0000 - 0x00007fff7aefb000 	C:\Windows\SYSTEM32\POWRPROF.dll
0x00007fff7aa20000 - 0x00007fff7aa29000 	C:\Windows\SYSTEM32\WSOCK32.dll
0x00007fff7c550000 - 0x00007fff7c5bb000 	C:\Windows\System32\WS2_32.dll
0x00007fff697e0000 - 0x00007fff69807000 	C:\Windows\SYSTEM32\WINMM.dll
0x00007fff74b50000 - 0x00007fff74b5a000 	C:\Windows\SYSTEM32\VERSION.dll
0x00007fff7ae90000 - 0x00007fff7aea2000 	C:\Windows\SYSTEM32\UMPDC.dll
0x00007fff78120000 - 0x00007fff78132000 	C:\Windows\SYSTEM32\kernel.appcore.dll
0x00007fff66960000 - 0x00007fff6696a000 	C:\Program Files\Android\Android Studio\jbr\bin\jimage.dll
0x00007fff7a7c0000 - 0x00007fff7a9a4000 	C:\Windows\SYSTEM32\DBGHELP.DLL
0x00007fff7a760000 - 0x00007fff7a794000 	C:\Windows\SYSTEM32\dbgcore.DLL
0x00007fff7b6c0000 - 0x00007fff7b742000 	C:\Windows\System32\bcryptPrimitives.dll
0x00007fff5f0a0000 - 0x00007fff5f0ae000 	C:\Program Files\Android\Android Studio\jbr\bin\instrument.dll
0x00007fff5f3a0000 - 0x00007fff5f3c5000 	C:\Program Files\Android\Android Studio\jbr\bin\java.dll
0x00007fff5f380000 - 0x00007fff5f398000 	C:\Program Files\Android\Android Studio\jbr\bin\zip.dll
0x00007fff7caf0000 - 0x00007fff7d234000 	C:\Windows\System32\SHELL32.dll
0x00007fff78420000 - 0x00007fff78bb3000 	C:\Windows\SYSTEM32\windows.storage.dll
0x00007fff7be00000 - 0x00007fff7c154000 	C:\Windows\System32\combase.dll
0x00007fff7a330000 - 0x00007fff7a35e000 	C:\Windows\SYSTEM32\Wldp.dll
0x00007fff7d6b0000 - 0x00007fff7d75d000 	C:\Windows\System32\SHCORE.dll
0x00007fff7ca90000 - 0x00007fff7cae5000 	C:\Windows\System32\shlwapi.dll
0x00007fff7af80000 - 0x00007fff7af9f000 	C:\Windows\SYSTEM32\profapi.dll
0x00007fff5f360000 - 0x00007fff5f379000 	C:\Program Files\Android\Android Studio\jbr\bin\net.dll
0x00007fff741e0000 - 0x00007fff742ea000 	C:\Windows\SYSTEM32\WINHTTP.dll
0x00007fff7a080000 - 0x00007fff7a0ea000 	C:\Windows\system32\mswsock.dll
0x00007fff5f340000 - 0x00007fff5f356000 	C:\Program Files\Android\Android Studio\jbr\bin\nio.dll
0x00007fff63b70000 - 0x00007fff63b80000 	C:\Program Files\Android\Android Studio\jbr\bin\verify.dll
0x00007fff5db00000 - 0x00007fff5db27000 	C:\Users\Administrator\.gradle\native\c067742578af261105cb4f569cf0c3c89f3d7b1fecec35dd04571415982c5e48\windows-amd64\native-platform.dll
0x00007fff1fbd0000 - 0x00007fff1fd14000 	C:\Users\Administrator\.gradle\native\38dada09dfb8b06ba9b0570ebf7e218e3eb74d4ef43ca46872605cf95ebc2f47\windows-amd64\native-platform-file-events.dll
0x00007fff5f240000 - 0x00007fff5f249000 	C:\Program Files\Android\Android Studio\jbr\bin\management.dll
0x00007fff5f230000 - 0x00007fff5f23b000 	C:\Program Files\Android\Android Studio\jbr\bin\management_ext.dll
0x00007fff7bdf0000 - 0x00007fff7bdf8000 	C:\Windows\System32\PSAPI.DLL
0x00007fff7acf0000 - 0x00007fff7ad08000 	C:\Windows\SYSTEM32\CRYPTSP.dll
0x00007fff79a10000 - 0x00007fff79a44000 	C:\Windows\system32\rsaenh.dll
0x00007fff7b960000 - 0x00007fff7b987000 	C:\Windows\System32\bcrypt.dll
0x00007fff7af00000 - 0x00007fff7af2e000 	C:\Windows\SYSTEM32\USERENV.dll
0x00007fff7a320000 - 0x00007fff7a32c000 	C:\Windows\SYSTEM32\CRYPTBASE.dll
0x00007fff79d80000 - 0x00007fff79dbc000 	C:\Windows\SYSTEM32\IPHLPAPI.DLL
0x00007fff7bd30000 - 0x00007fff7bd38000 	C:\Windows\System32\NSI.dll
0x00007fff74d50000 - 0x00007fff74d67000 	C:\Windows\SYSTEM32\dhcpcsvc6.DLL
0x00007fff74d30000 - 0x00007fff74d4d000 	C:\Windows\SYSTEM32\dhcpcsvc.DLL
0x00007fff79dc0000 - 0x00007fff79e8b000 	C:\Windows\SYSTEM32\DNSAPI.dll
0x00007fff5f250000 - 0x00007fff5f259000 	C:\Program Files\Android\Android Studio\jbr\bin\extnet.dll
0x00007fff5f290000 - 0x00007fff5f297000 	C:\Windows\system32\wshunix.dll

dbghelp: loaded successfully - version: 4.0.5 - missing functions: none
symbol engine: initialized successfully - sym options: 0x614 - pdb path: .;C:\Program Files\Android\Android Studio\jbr\bin;C:\Windows\SYSTEM32;C:\Windows\WinSxS\amd64_microsoft.windows.common-controls_6595b64144ccf1df_6.0.19041.1110_none_60b5254171f9507e;C:\Program Files\Android\Android Studio\jbr\bin\server;C:\Users\Administrator\.gradle\native\c067742578af261105cb4f569cf0c3c89f3d7b1fecec35dd04571415982c5e48\windows-amd64;C:\Users\Administrator\.gradle\native\38dada09dfb8b06ba9b0570ebf7e218e3eb74d4ef43ca46872605cf95ebc2f47\windows-amd64

VM Arguments:
jvm_args: --add-opens=java.base/java.util=ALL-UNNAMED --add-opens=java.base/java.lang=ALL-UNNAMED --add-opens=java.base/java.lang.invoke=ALL-UNNAMED --add-opens=java.prefs/java.util.prefs=ALL-UNNAMED --add-opens=java.base/java.nio.charset=ALL-UNNAMED --add-opens=java.base/java.net=ALL-UNNAMED --add-opens=java.base/java.util.concurrent.atomic=ALL-UNNAMED -Xmx2048m -Dfile.encoding=UTF-8 -Duser.country=US -Duser.language=en -Duser.variant -javaagent:C:\Users\Administrator\.gradle\wrapper\dists\gradle-8.7-bin\bhs2wmbdwecv87pi65oeuq5iu\gradle-8.7\lib\agents\gradle-instrumentation-agent-8.7.jar 
java_command: org.gradle.launcher.daemon.bootstrap.GradleDaemon 8.7
java_class_path (initial): C:\Users\Administrator\.gradle\wrapper\dists\gradle-8.7-bin\bhs2wmbdwecv87pi65oeuq5iu\gradle-8.7\lib\gradle-launcher-8.7.jar
Launcher Type: SUN_STANDARD

[Global flags]
     intx CICompilerCount                          = 3                                         {product} {ergonomic}
     uint ConcGCThreads                            = 1                                         {product} {ergonomic}
     uint G1ConcRefinementThreads                  = 4                                         {product} {ergonomic}
   size_t G1HeapRegionSize                         = 1048576                                   {product} {ergonomic}
    uintx GCDrainStackTargetSize                   = 64                                        {product} {ergonomic}
   size_t InitialHeapSize                          = 201326592                                 {product} {ergonomic}
   size_t MarkStackSize                            = 4194304                                   {product} {ergonomic}
   size_t MaxHeapSize                              = 2147483648                                {product} {command line}
   size_t MaxNewSize                               = 1287651328                                {product} {ergonomic}
   size_t MinHeapDeltaBytes                        = 1048576                                   {product} {ergonomic}
   size_t MinHeapSize                              = 8388608                                   {product} {ergonomic}
    uintx NonNMethodCodeHeapSize                   = 5832780                                {pd product} {ergonomic}
    uintx NonProfiledCodeHeapSize                  = 122912730                              {pd product} {ergonomic}
    uintx ProfiledCodeHeapSize                     = 122912730                              {pd product} {ergonomic}
    uintx ReservedCodeCacheSize                    = 251658240                              {pd product} {ergonomic}
     bool SegmentedCodeCache                       = true                                      {product} {ergonomic}
   size_t SoftMaxHeapSize                          = 2147483648                             {manageable} {ergonomic}
     bool UseCompressedClassPointers               = true                           {product lp64_product} {ergonomic}
     bool UseCompressedOops                        = true                           {product lp64_product} {ergonomic}
     bool UseG1GC                                  = true                                      {product} {ergonomic}
     bool UseLargePagesIndividualAllocation        = false                                  {pd product} {ergonomic}

Logging:
Log output configuration:
 #0: stdout all=warning uptime,level,tags
 #1: stderr all=off uptime,level,tags

Environment Variables:
JAVA_HOME=C:\Program Files\Java\jdk-19
PATH=C:\Python312\;C:\Program Files\Common Files\Oracle\Java\javapath;C:\Windows\system32;C:\Windows;C:\Windows\System32\Wbem;C:\Windows\System32\WindowsPowerShell\v1.0\;C:\Windows\System32\OpenSSH\;C:\Program Files (x86)\dotnet\;C:\Program Files (x86)\NVIDIA Corporation\PhysX\Common;C:\Program Files\NVIDIA Corporation\NVIDIA NvDLISR;C:\Program Files\Microsoft SQL Server\150\Tools\Binn\;C:\Program Files\Java\jdk-19\bin;C:\Program Files\Git LFS;C:\Program Files\Git\cmd;C:\Users\Administrator\AppData\Local\Pub\Cache\bin;C:\ProgramData\chocolatey\bin;;C:\Program Files\nodejs;C:\tools\dart-sdk\bin;C:\Users\Administrator\AppData\Local\Programs\Python\Python38\Scripts\;C:\Users\Administrator\AppData\Local\Programs\Python\Python38\;C:\Users\Administrator\AppData\Local\Microsoft\WindowsApps;D:\Microsoft VS Code\bin;C:\Program Files\JetBrains\IntelliJ IDEA Community Edition 2022.3.1\bin;C:\Users\Administrator\AppData\Local\JetBrains\Toolbox\scripts;C:\Users\Administrator\AppData\Local\Programs\Microsoft VS Code\bin;C:\Program Files\MinGW\bin;C:\Users\Administrator\AppData\Local\Pub\Cache\bin;C:\Users\Administrator\AppData\Roaming\npm;C:\Users\Administrator\AppData\Local\Microsoft\WinGet\Links;C:\Users\Administrator\AppData\Roaming\nvm;C:\Program Files\nodejs;C:\tools\dart-sdk\bin;C:\Users\Administrator\Downloads\platform-tools-latest-windows\platform-tools;
USERNAME=Administrator
OS=Windows_NT
PROCESSOR_IDENTIFIER=Intel64 Family 6 Model 158 Stepping 9, GenuineIntel
TMP=C:\Users\ADMINI~1\AppData\Local\Temp
TEMP=C:\Users\ADMINI~1\AppData\Local\Temp



Periodic native trim disabled

JNI global refs:
JNI global refs: 24, weak refs: 0

JNI global refs memory usage: 843, weak refs: 841

Process memory usage:
Resident Set Size: 210740K (1% of 12539964K total physical memory with 654928K free physical memory)

OOME stack traces (most recent first):
Classloader memory used:
Loader bootstrap                                                                       : 1963K
Loader org.gradle.internal.classloader.VisitableURLClassLoader                         : 1718K
Loader org.gradle.initialization.MixInLegacyTypesClassLoader                           : 244K
Loader jdk.internal.loader.ClassLoaders$AppClassLoader                                 : 28758B
Loader org.gradle.internal.classloader.VisitableURLClassLoader                         : 21264B
Loader jdk.internal.loader.ClassLoaders$PlatformClassLoader                            : 14816B
Loader jdk.internal.reflect.DelegatingClassLoader                                      : 12704B

Classes loaded by more than one classloader:
Class org.gradle.internal.installation.GradleInstallation                             : loaded 2 times (x 73B)
Class org.gradle.internal.classpath.ClassPath                                         : loaded 2 times (x 68B)
Class org.gradle.api.internal.classpath.DefaultModuleRegistry                         : loaded 2 times (x 84B)
Class org.gradle.api.Action                                                           : loaded 2 times (x 68B)
Class org.gradle.api.internal.DefaultClassPathProvider                                : loaded 2 times (x 74B)
Class org.gradle.internal.installation.GradleInstallation$1                           : loaded 2 times (x 73B)
Class org.gradle.internal.classloader.FilteringClassLoader                            : loaded 2 times (x 103B)
Class org.gradle.internal.classpath.DefaultClassPath$ImmutableUniqueList$Builder      : loaded 2 times (x 73B)
Class org.gradle.internal.classloader.ClassLoaderVisitor                              : loaded 2 times (x 74B)
Class org.gradle.internal.service.DefaultServiceLocator                               : loaded 2 times (x 81B)
Class org.gradle.internal.service.UnknownServiceException                             : loaded 2 times (x 81B)
Class org.gradle.internal.classloader.DefaultClassLoaderFactory                       : loaded 2 times (x 80B)
Class org.gradle.internal.classloader.VisitableURLClassLoader$Spec                    : loaded 2 times (x 72B)
Class org.gradle.api.GradleException                                                  : loaded 2 times (x 80B)
Class org.gradle.api.internal.classpath.ModuleRegistry                                : loaded 2 times (x 68B)
Class org.gradle.api.internal.ClassPathProvider                                       : loaded 2 times (x 68B)
Class org.gradle.internal.classloader.ClasspathUtil$1                                 : loaded 2 times (x 74B)
Class org.gradle.internal.classloader.ClassLoaderFactory                              : loaded 2 times (x 68B)
Class org.gradle.api.internal.classpath.ManifestUtil                                  : loaded 2 times (x 69B)
Class org.gradle.api.specs.Spec                                                       : loaded 2 times (x 68B)
Class org.gradle.internal.IoActions                                                   : loaded 2 times (x 69B)
Class org.gradle.api.internal.classpath.EffectiveClassPath                            : loaded 2 times (x 88B)
Class org.gradle.internal.installation.CurrentGradleInstallation                      : loaded 2 times (x 71B)
Class org.gradle.internal.agents.InstrumentingClassLoader                             : loaded 2 times (x 68B)
Class org.gradle.internal.installation.CurrentGradleInstallationLocator               : loaded 2 times (x 69B)
Class org.gradle.api.internal.classpath.Module                                        : loaded 2 times (x 68B)
Class org.gradle.internal.service.CachingServiceLocator                               : loaded 2 times (x 80B)
Class org.gradle.internal.classpath.DefaultClassPath                                  : loaded 2 times (x 88B)
Class org.gradle.internal.classloader.SystemClassLoaderSpec                           : loaded 2 times (x 69B)
Class kotlin.Function                                                                 : loaded 2 times (x 68B)
Class org.gradle.api.UncheckedIOException                                             : loaded 2 times (x 80B)
Class org.gradle.internal.classloader.ClasspathUtil                                   : loaded 2 times (x 69B)
Class org.gradle.api.internal.DefaultClassPathRegistry                                : loaded 2 times (x 74B)
Class org.gradle.api.internal.classpath.DefaultModuleRegistry$DefaultModule           : loaded 2 times (x 84B)
Class org.gradle.api.internal.classpath.UnknownModuleException                        : loaded 2 times (x 80B)
Class org.gradle.internal.service.ServiceLookupException                              : loaded 2 times (x 80B)
Class org.gradle.cache.GlobalCache                                                    : loaded 2 times (x 68B)
Class [Lorg.gradle.api.internal.ClassPathProvider;                                    : loaded 2 times (x 67B)
Class org.gradle.util.internal.GUtil                                                  : loaded 2 times (x 69B)
Class org.gradle.internal.classloader.ClassLoaderSpec                                 : loaded 2 times (x 69B)
Class org.gradle.internal.classloader.VisitableURLClassLoader                         : loaded 2 times (x 115B)
Class org.gradle.internal.Cast                                                        : loaded 2 times (x 69B)
Class org.gradle.api.internal.ClassPathRegistry                                       : loaded 2 times (x 68B)
Class org.gradle.internal.classloader.VisitableURLClassLoader$InstrumentingVisitableURLClassLoader: loaded 2 times (x 121B)
Class org.gradle.internal.classloader.ClassLoaderHierarchy                            : loaded 2 times (x 68B)
Class org.gradle.internal.InternalTransformer                                         : loaded 2 times (x 68B)
Class org.gradle.internal.service.ServiceLocator                                      : loaded 2 times (x 68B)
Class org.gradle.internal.classpath.DefaultClassPath$ImmutableUniqueList              : loaded 2 times (x 159B)
Class org.gradle.internal.classpath.TransformedClassPath                              : loaded 2 times (x 94B)


---------------  S Y S T E M  ---------------

OS:
 Windows 10 , 64 bit Build 19041 (10.0.19041.2787)
OS uptime: 0 days 0:53 hours

CPU: total 4 (initial active 4) (2 cores per cpu, 2 threads per core) family 6 model 158 stepping 9 microcode 0xb4, cx8, cmov, fxsr, ht, mmx, 3dnowpref, sse, sse2, sse3, ssse3, sse4.1, sse4.2, popcnt, lzcnt, tsc, tscinvbit, avx, avx2, aes, erms, clmul, bmi1, bmi2, adx, fma, vzeroupper, clflush, clflushopt
Processor Information for all 4 processors :
  Max Mhz: 3900, Current Mhz: 3900, Mhz Limit: 3900

Memory: 4k page, system-wide physical 12246M (637M free)
TotalPageFile size 17878M (AvailPageFile size 3959M)
current process WorkingSet (physical memory assigned to process): 205M, peak: 205M
current process commit charge ("private bytes"): 235M, peak: 320M

vm_info: OpenJDK 64-Bit Server VM (17.0.11+0--11852314) for windows-amd64 JRE (17.0.11+0--11852314), built on May 16 2024 21:29:20 by "androidbuild" with MS VC++ 16.10 / 16.11 (VS2019)

END.
